7/12/2013 10:54:12 AM: [Info] Classic Mode Detected
7/12/2013 10:54:12 AM: [Info] Cleaning contents of directory c:\projects\tikaondotnet\src\packages
7/12/2013 10:54:13 AM: [Info] Restoring dependencies for solution tikaondotnet to c:\projects\tikaondotnet\src\packages
7/12/2013 10:54:13 AM: [Debug] 
=================================================================================================
RippleOperation: tikaondotnet (master)
=================================================================================================
     ** Ripple Steps
          1.) DownloadMissingNugets       Download missing nugets for tikaondotnet               
          2.) ExplodeDownloadedNugets     Explode nugets at c:\projects\tikaondotnet\src\packages
          3.) ProcessDirectives           Process directives from nugets                         
          4.) FixReferences               Fix References                                         

7/12/2013 10:54:18 AM: [Info] Cleaning contents of directory c:\projects\tikaondotnet\src\packages
7/12/2013 10:54:18 AM: [Info] Restoring dependencies for solution tikaondotnet to c:\projects\tikaondotnet\src\packages
7/12/2013 10:54:18 AM: [Debug] 
=================================================================================================
RippleOperation: tikaondotnet (master)
=================================================================================================
     ** Ripple Steps
          1.) DownloadMissingNugets       Download missing nugets for tikaondotnet               
          2.) ExplodeDownloadedNugets     Explode nugets at c:\projects\tikaondotnet\src\packages
          3.) ProcessDirectives           Process directives from nugets                         
          4.) FixReferences               Fix References                                         

7/12/2013 10:54:46 AM: [Info] Install NUnit to Solution tikaondotnet
7/12/2013 10:54:46 AM: [Debug] 
=================================================================================================
RippleOperation: tikaondotnet (master)
=================================================================================================
     ** Ripple Steps
          1.) NugetOperation              ripple.Steps.NugetOperation                            
          2.) DownloadMissingNugets       Download missing nugets for tikaondotnet               
          3.) ExplodeDownloadedNugets     Explode nugets at c:\projects\tikaondotnet\src\packages
          4.) FixReferences               Fix References                                         

7/12/2013 10:54:46 AM: [Info] * Analyzing NUnit
7/12/2013 10:54:50 AM: [Debug] Searching for NUnit from http://build.fubu-project.org/guestAuth/app/nuget/v1/FeedService.svc
7/12/2013 10:54:52 AM: [Debug] Could not find exact for NUnit
7/12/2013 10:54:52 AM: [Debug] Searching for NUnit from http://nuget.org/api/v2
7/12/2013 10:54:55 AM: [Info] 
===========================================================================
NugetPlan: 
===========================================================================
     ** Steps
        * InstallSolutionDependency     Install NUnit,2.6.2.0 to solution  
        * InstallProjectDependency      Install NUnit to TikaOnDotNet.Tests

7/12/2013 10:54:55 AM: [Debug] Downloading From filesystem: C:\Users\KevM\AppData\Roaming\ripple\NUnit.2.6.2.0.nupkg
7/12/2013 10:54:55 AM: [Debug] Exploding Name: NUnit, Version: 2.6.2.0, IsPreRelease: False
7/12/2013 10:54:55 AM: [Info] Exploding to c:\projects\tikaondotnet\src\packages\NUnit
7/12/2013 10:54:55 AM: [Info] HintPath changed:  to ..\packages\NUnit\lib\nunit.framework.dll
7/12/2013 10:55:07 AM: [Info] Install FubuTestingSupport to Solution tikaondotnet
7/12/2013 10:55:07 AM: [Debug] 
=================================================================================================
RippleOperation: tikaondotnet (master)
=================================================================================================
     ** Ripple Steps
          1.) NugetOperation              ripple.Steps.NugetOperation                            
          2.) DownloadMissingNugets       Download missing nugets for tikaondotnet               
          3.) ExplodeDownloadedNugets     Explode nugets at c:\projects\tikaondotnet\src\packages
          4.) FixReferences               Fix References                                         

7/12/2013 10:55:07 AM: [Info] * Analyzing FubuTestingSupport
7/12/2013 10:55:16 AM: [Debug] Searching for NUnit,2.5.10.11092 from http://build.fubu-project.org/guestAuth/app/nuget/v1/FeedService.svc
7/12/2013 10:55:19 AM: [Debug] Searching for NUnit,2.5.10.11092 from http://nuget.org/api/v2
7/12/2013 10:55:20 AM: [Debug] Searching for RhinoMocks,3.6.1 from http://build.fubu-project.org/guestAuth/app/nuget/v1/FeedService.svc
7/12/2013 10:55:23 AM: [Debug] Searching for RhinoMocks,3.6.1 from http://nuget.org/api/v2
7/12/2013 10:55:23 AM: [Debug] Searching for structuremap,2.6.3 from http://build.fubu-project.org/guestAuth/app/nuget/v1/FeedService.svc
7/12/2013 10:55:30 AM: [Debug] Searching for structuremap.automocking,2.6.3 from http://build.fubu-project.org/guestAuth/app/nuget/v1/FeedService.svc
7/12/2013 10:55:32 AM: [Debug] Searching for StructureMap,3.0.0 from http://build.fubu-project.org/guestAuth/app/nuget/v1/FeedService.svc
7/12/2013 10:55:40 AM: [Debug] Searching for StructureMap,3.0.0 from http://nuget.org/api/v2
7/12/2013 10:55:41 AM: [Info] * Analyzing FubuCore
7/12/2013 10:55:42 AM: [Info] * Analyzing NUnit,2.5.10.11092
7/12/2013 10:55:42 AM: [Info] * Analyzing RhinoMocks,3.6.1
7/12/2013 10:55:42 AM: [Info] * Analyzing structuremap,2.6.3
7/12/2013 10:55:42 AM: [Info] * Analyzing StructureMap,3.0.0
7/12/2013 10:55:42 AM: [Info] * Analyzing structuremap.automocking,2.6.3
7/12/2013 10:55:42 AM: [Info] 
==============================================================================================
NugetPlan: 
==============================================================================================
     ** Steps
        * InstallSolutionDependency     Install FubuTestingSupport,1.1.0.253 to solution      
        * InstallProjectDependency      Install FubuTestingSupport to TikaOnDotNet.Tests      
        * InstallSolutionDependency     Install FubuCore,1.1.0.253 to solution                
        * InstallProjectDependency      Install FubuCore to TikaOnDotNet.Tests                
        * InstallSolutionDependency     Install RhinoMocks,3.6.1 to solution                  
        * InstallProjectDependency      Install RhinoMocks to TikaOnDotNet.Tests              
        * InstallSolutionDependency     Install structuremap,2.6.3 to solution                
        * InstallProjectDependency      Install structuremap to TikaOnDotNet.Tests            
        * InstallSolutionDependency     Install StructureMap,3.0.0 to solution                
        * InstallProjectDependency      Install StructureMap to TikaOnDotNet.Tests            
        * InstallSolutionDependency     Install structuremap.automocking,2.6.3 to solution    
        * InstallProjectDependency      Install structuremap.automocking to TikaOnDotNet.Tests

7/12/2013 10:55:42 AM: [Debug] Downloading From filesystem: C:\Users\KevM\AppData\Roaming\ripple\RhinoMocks.3.6.1.0.nupkg
7/12/2013 10:55:42 AM: [Debug] Downloading Download and cache FubuCore.1.1.0.253.nupkg
7/12/2013 10:55:42 AM: [Debug] Downloading Download and cache structuremap.automocking.2.6.4.79.nupkg
7/12/2013 10:55:42 AM: [Debug] Downloading Download and cache structuremap.2.6.4.79.nupkg
7/12/2013 10:55:42 AM: [Debug] Downloading Download and cache FubuTestingSupport.1.1.0.253.nupkg
7/12/2013 10:55:44 AM: [Debug] Exploding Name: RhinoMocks, Version: 3.6.1.0, IsPreRelease: False
7/12/2013 10:55:44 AM: [Info] Exploding to c:\projects\tikaondotnet\src\packages\RhinoMocks
7/12/2013 10:55:44 AM: [Debug] Exploding Name: structuremap.automocking, Version: 2.6.4.79, IsPreRelease: False
7/12/2013 10:55:44 AM: [Info] Exploding to c:\projects\tikaondotnet\src\packages\structuremap.automocking
7/12/2013 10:55:44 AM: [Debug] Exploding Name: FubuTestingSupport, Version: 1.1.0.253, IsPreRelease: False
7/12/2013 10:55:44 AM: [Info] Exploding to c:\projects\tikaondotnet\src\packages\FubuTestingSupport
7/12/2013 10:55:44 AM: [Debug] Exploding Name: structuremap, Version: 2.6.4.79, IsPreRelease: False
7/12/2013 10:55:44 AM: [Info] Exploding to c:\projects\tikaondotnet\src\packages\structuremap
7/12/2013 10:55:44 AM: [Debug] Exploding Name: FubuCore, Version: 1.1.0.253, IsPreRelease: False
7/12/2013 10:55:44 AM: [Info] Exploding to c:\projects\tikaondotnet\src\packages\FubuCore
7/12/2013 10:55:45 AM: [Info] HintPath changed:  to ..\packages\FubuCore\lib\FubuCore.dll
7/12/2013 10:55:45 AM: [Info] HintPath changed:  to ..\packages\FubuTestingSupport\lib\FubuTestingSupport.dll
7/12/2013 10:55:45 AM: [Info] HintPath changed:  to ..\packages\RhinoMocks\lib\net\Rhino.Mocks.dll
7/12/2013 10:55:45 AM: [Info] HintPath changed:  to ..\packages\structuremap\lib\net40-client\StructureMap.dll
7/12/2013 10:55:45 AM: [Info] HintPath changed:  to ..\packages\structuremap.automocking\lib\net40\StructureMap.AutoMocking.dll
7/12/2013 11:01:33 AM: [Info] Restoring dependencies for solution tikaondotnet to c:\projects\tikaondotnet\src\packages
7/12/2013 11:01:33 AM: [Debug] 
=================================================================================================
RippleOperation: tikaondotnet (master)
=================================================================================================
     ** Ripple Steps
          1.) DownloadMissingNugets       Download missing nugets for tikaondotnet               
          2.) ExplodeDownloadedNugets     Explode nugets at c:\projects\tikaondotnet\src\packages
          3.) ProcessDirectives           Process directives from nugets                         
          4.) FixReferences               Fix References                                         

7/12/2013 11:05:55 AM: [Info] Restoring dependencies for solution tikaondotnet to C:\projects\tikaondotnet\src\packages
7/12/2013 11:05:55 AM: [Debug] 
=================================================================================================
RippleOperation: tikaondotnet (master)
=================================================================================================
     ** Ripple Steps
          1.) DownloadMissingNugets       Download missing nugets for tikaondotnet               
          2.) ExplodeDownloadedNugets     Explode nugets at C:\projects\tikaondotnet\src\packages
          3.) ProcessDirectives           Process directives from nugets                         
          4.) FixReferences               Fix References                                         

7/12/2013 11:06:46 AM: [Info] Install IKVM to Solution tikaondotnet
7/12/2013 11:06:46 AM: [Debug] 
=================================================================================================
RippleOperation: tikaondotnet (master)
=================================================================================================
     ** Ripple Steps
          1.) NugetOperation              ripple.Steps.NugetOperation                            
          2.) DownloadMissingNugets       Download missing nugets for tikaondotnet               
          3.) ExplodeDownloadedNugets     Explode nugets at c:\projects\tikaondotnet\src\packages
          4.) FixReferences               Fix References                                         

7/12/2013 11:06:46 AM: [Info] * Analyzing IKVM
7/12/2013 11:06:52 AM: [Debug] Searching for IKVM from http://build.fubu-project.org/guestAuth/app/nuget/v1/FeedService.svc
7/12/2013 11:06:54 AM: [Debug] Could not find exact for IKVM
7/12/2013 11:06:54 AM: [Debug] Searching for IKVM from http://nuget.org/api/v2
7/12/2013 11:06:56 AM: [Info] 
===========================================================================
NugetPlan: 
===========================================================================
     ** Steps
        * InstallSolutionDependency     Install IKVM,7.3.4830.0 to solution
        * InstallProjectDependency      Install IKVM to TikaOnDotnet       

7/12/2013 11:06:56 AM: [Debug] Downloading Download and cache IKVM.7.3.4830.0.nupkg
7/12/2013 11:07:10 AM: [Debug] Exploding Name: IKVM, Version: 7.3.4830.0, IsPreRelease: False
7/12/2013 11:07:10 AM: [Info] Exploding to c:\projects\tikaondotnet\src\packages\IKVM
7/12/2013 11:07:14 AM: [Info] HintPath changed:  to ..\packages\IKVM\lib\IKVM.AWT.WinForms.dll
7/12/2013 11:07:14 AM: [Info] HintPath changed:  to ..\packages\IKVM\lib\IKVM.OpenJDK.Beans.dll
7/12/2013 11:07:14 AM: [Info] HintPath changed:  to ..\packages\IKVM\lib\IKVM.OpenJDK.Charsets.dll
7/12/2013 11:07:14 AM: [Info] HintPath changed:  to ..\packages\IKVM\lib\IKVM.OpenJDK.Corba.dll
7/12/2013 11:07:14 AM: [Info] HintPath changed:  to ..\packages\IKVM\lib\IKVM.OpenJDK.Core.dll
7/12/2013 11:07:14 AM: [Info] HintPath changed: ..\lib\IKVM.OpenJDK.Jdbc.dll to ..\packages\IKVM\lib\IKVM.OpenJDK.Jdbc.dll
7/12/2013 11:07:14 AM: [Info] HintPath changed:  to ..\packages\IKVM\lib\IKVM.OpenJDK.Management.dll
7/12/2013 11:07:14 AM: [Info] HintPath changed:  to ..\packages\IKVM\lib\IKVM.OpenJDK.Media.dll
7/12/2013 11:07:14 AM: [Info] HintPath changed:  to ..\packages\IKVM\lib\IKVM.OpenJDK.Misc.dll
7/12/2013 11:07:14 AM: [Info] HintPath changed:  to ..\packages\IKVM\lib\IKVM.OpenJDK.Naming.dll
7/12/2013 11:07:14 AM: [Info] HintPath changed:  to ..\packages\IKVM\lib\IKVM.OpenJDK.Remoting.dll
7/12/2013 11:07:14 AM: [Info] HintPath changed:  to ..\packages\IKVM\lib\IKVM.OpenJDK.Security.dll
7/12/2013 11:07:14 AM: [Info] HintPath changed:  to ..\packages\IKVM\lib\IKVM.OpenJDK.SwingAWT.dll
7/12/2013 11:07:14 AM: [Info] HintPath changed:  to ..\packages\IKVM\lib\IKVM.OpenJDK.Text.dll
7/12/2013 11:07:14 AM: [Info] HintPath changed:  to ..\packages\IKVM\lib\IKVM.OpenJDK.Tools.dll
7/12/2013 11:07:14 AM: [Info] HintPath changed:  to ..\packages\IKVM\lib\IKVM.OpenJDK.Util.dll
7/12/2013 11:07:14 AM: [Info] HintPath changed:  to ..\packages\IKVM\lib\IKVM.OpenJDK.XML.API.dll
7/12/2013 11:07:14 AM: [Info] HintPath changed:  to ..\packages\IKVM\lib\IKVM.OpenJDK.XML.Bind.dll
7/12/2013 11:07:14 AM: [Info] HintPath changed:  to ..\packages\IKVM\lib\IKVM.OpenJDK.XML.Crypto.dll
7/12/2013 11:07:14 AM: [Info] HintPath changed:  to ..\packages\IKVM\lib\IKVM.OpenJDK.XML.Parse.dll
7/12/2013 11:07:14 AM: [Info] HintPath changed: ..\lib\IKVM.OpenJDK.XML.Transform.dll to ..\packages\IKVM\lib\IKVM.OpenJDK.XML.Transform.dll
7/12/2013 11:07:14 AM: [Info] HintPath changed:  to ..\packages\IKVM\lib\IKVM.OpenJDK.XML.WebServices.dll
7/12/2013 11:07:14 AM: [Info] HintPath changed:  to ..\packages\IKVM\lib\IKVM.OpenJDK.XML.XPath.dll
7/12/2013 11:07:14 AM: [Info] HintPath changed:  to ..\packages\IKVM\lib\IKVM.Runtime.dll
7/12/2013 11:07:14 AM: [Info] HintPath changed:  to ..\packages\IKVM\lib\IKVM.Runtime.JNI.dll
7/12/2013 11:09:31 AM: [Info] Restoring dependencies for solution tikaondotnet to c:\projects\tikaondotnet\src\packages
7/12/2013 11:09:31 AM: [Debug] 
=================================================================================================
RippleOperation: tikaondotnet (master)
=================================================================================================
     ** Ripple Steps
          1.) DownloadMissingNugets       Download missing nugets for tikaondotnet               
          2.) ExplodeDownloadedNugets     Explode nugets at c:\projects\tikaondotnet\src\packages
          3.) ProcessDirectives           Process directives from nugets                         
          4.) FixReferences               Fix References                                         

7/12/2013 11:09:43 AM: [Info] Restoring dependencies for solution tikaondotnet to C:\projects\tikaondotnet\src\packages
7/12/2013 11:09:43 AM: [Debug] 
=================================================================================================
RippleOperation: tikaondotnet (master)
=================================================================================================
     ** Ripple Steps
          1.) DownloadMissingNugets       Download missing nugets for tikaondotnet               
          2.) ExplodeDownloadedNugets     Explode nugets at C:\projects\tikaondotnet\src\packages
          3.) ProcessDirectives           Process directives from nugets                         
          4.) FixReferences               Fix References                                         

7/12/2013 11:11:22 AM: [Info] Install NUnit.Runners to Solution tikaondotnet
7/12/2013 11:11:22 AM: [Debug] 
=================================================================================================
RippleOperation: tikaondotnet (master)
=================================================================================================
     ** Ripple Steps
          1.) NugetOperation              ripple.Steps.NugetOperation                            
          2.) DownloadMissingNugets       Download missing nugets for tikaondotnet               
          3.) ExplodeDownloadedNugets     Explode nugets at c:\projects\tikaondotnet\src\packages
          4.) FixReferences               Fix References                                         

7/12/2013 11:11:22 AM: [Info] * Analyzing NUnit.Runners
7/12/2013 11:11:25 AM: [Debug] Searching for NUnit.Runners from http://build.fubu-project.org/guestAuth/app/nuget/v1/FeedService.svc
7/12/2013 11:11:27 AM: [Debug] Could not find exact for NUnit.Runners
7/12/2013 11:11:27 AM: [Debug] Searching for NUnit.Runners from http://nuget.org/api/v2
7/12/2013 11:11:29 AM: [Info] 
===================================================================================
NugetPlan: 
===================================================================================
     ** Steps
        * InstallSolutionDependency     Install NUnit.Runners,2.6.2.0 to solution  
        * InstallProjectDependency      Install NUnit.Runners to TikaOnDotNet.Tests

7/12/2013 11:11:29 AM: [Debug] Downloading From filesystem: C:\Users\KevM\AppData\Roaming\ripple\NUnit.Runners.2.6.2.0.nupkg
7/12/2013 11:11:29 AM: [Debug] Exploding Name: NUnit.Runners, Version: 2.6.2.0, IsPreRelease: False
7/12/2013 11:11:29 AM: [Info] Exploding to c:\projects\tikaondotnet\src\packages\NUnit.Runners
7/12/2013 11:11:49 AM: [Info] Restoring dependencies for solution tikaondotnet to c:\projects\tikaondotnet\src\packages
7/12/2013 11:11:49 AM: [Debug] 
=================================================================================================
RippleOperation: tikaondotnet (master)
=================================================================================================
     ** Ripple Steps
          1.) DownloadMissingNugets       Download missing nugets for tikaondotnet               
          2.) ExplodeDownloadedNugets     Explode nugets at c:\projects\tikaondotnet\src\packages
          3.) ProcessDirectives           Process directives from nugets                         
          4.) FixReferences               Fix References                                         

7/12/2013 11:12:53 AM: [Info] Install IKVM to Solution tikaondotnet
7/12/2013 11:12:53 AM: [Debug] 
=================================================================================================
RippleOperation: tikaondotnet (master)
=================================================================================================
     ** Ripple Steps
          1.) NugetOperation              ripple.Steps.NugetOperation                            
          2.) DownloadMissingNugets       Download missing nugets for tikaondotnet               
          3.) ExplodeDownloadedNugets     Explode nugets at c:\projects\tikaondotnet\src\packages
          4.) FixReferences               Fix References                                         

7/12/2013 11:12:53 AM: [Info] * Analyzing IKVM
7/12/2013 11:12:57 AM: [Debug] Searching for IKVM from http://build.fubu-project.org/guestAuth/app/nuget/v1/FeedService.svc
7/12/2013 11:12:59 AM: [Debug] Could not find exact for IKVM
7/12/2013 11:13:00 AM: [Debug] Searching for IKVM from http://nuget.org/api/v2
7/12/2013 11:13:02 AM: [Info] 
=========================================================================
NugetPlan: 
=========================================================================
     ** Steps
        * InstallProjectDependency     Install IKVM to TikaOnDotNet.Tests

7/12/2013 11:13:04 AM: [Info] HintPath changed:  to ..\packages\IKVM\lib\IKVM.AWT.WinForms.dll
7/12/2013 11:13:04 AM: [Info] HintPath changed:  to ..\packages\IKVM\lib\IKVM.OpenJDK.Beans.dll
7/12/2013 11:13:04 AM: [Info] HintPath changed:  to ..\packages\IKVM\lib\IKVM.OpenJDK.Charsets.dll
7/12/2013 11:13:04 AM: [Info] HintPath changed:  to ..\packages\IKVM\lib\IKVM.OpenJDK.Corba.dll
7/12/2013 11:13:04 AM: [Info] HintPath changed:  to ..\packages\IKVM\lib\IKVM.OpenJDK.Core.dll
7/12/2013 11:13:04 AM: [Info] HintPath changed:  to ..\packages\IKVM\lib\IKVM.OpenJDK.Jdbc.dll
7/12/2013 11:13:04 AM: [Info] HintPath changed:  to ..\packages\IKVM\lib\IKVM.OpenJDK.Management.dll
7/12/2013 11:13:04 AM: [Info] HintPath changed:  to ..\packages\IKVM\lib\IKVM.OpenJDK.Media.dll
7/12/2013 11:13:04 AM: [Info] HintPath changed:  to ..\packages\IKVM\lib\IKVM.OpenJDK.Misc.dll
7/12/2013 11:13:04 AM: [Info] HintPath changed:  to ..\packages\IKVM\lib\IKVM.OpenJDK.Naming.dll
7/12/2013 11:13:04 AM: [Info] HintPath changed:  to ..\packages\IKVM\lib\IKVM.OpenJDK.Remoting.dll
7/12/2013 11:13:04 AM: [Info] HintPath changed:  to ..\packages\IKVM\lib\IKVM.OpenJDK.Security.dll
7/12/2013 11:13:04 AM: [Info] HintPath changed:  to ..\packages\IKVM\lib\IKVM.OpenJDK.SwingAWT.dll
7/12/2013 11:13:04 AM: [Info] HintPath changed:  to ..\packages\IKVM\lib\IKVM.OpenJDK.Text.dll
7/12/2013 11:13:04 AM: [Info] HintPath changed:  to ..\packages\IKVM\lib\IKVM.OpenJDK.Tools.dll
7/12/2013 11:13:04 AM: [Info] HintPath changed:  to ..\packages\IKVM\lib\IKVM.OpenJDK.Util.dll
7/12/2013 11:13:04 AM: [Info] HintPath changed:  to ..\packages\IKVM\lib\IKVM.OpenJDK.XML.API.dll
7/12/2013 11:13:04 AM: [Info] HintPath changed:  to ..\packages\IKVM\lib\IKVM.OpenJDK.XML.Bind.dll
7/12/2013 11:13:04 AM: [Info] HintPath changed:  to ..\packages\IKVM\lib\IKVM.OpenJDK.XML.Crypto.dll
7/12/2013 11:13:04 AM: [Info] HintPath changed:  to ..\packages\IKVM\lib\IKVM.OpenJDK.XML.Parse.dll
7/12/2013 11:13:04 AM: [Info] HintPath changed:  to ..\packages\IKVM\lib\IKVM.OpenJDK.XML.Transform.dll
7/12/2013 11:13:04 AM: [Info] HintPath changed:  to ..\packages\IKVM\lib\IKVM.OpenJDK.XML.WebServices.dll
7/12/2013 11:13:04 AM: [Info] HintPath changed:  to ..\packages\IKVM\lib\IKVM.OpenJDK.XML.XPath.dll
7/12/2013 11:13:04 AM: [Info] HintPath changed:  to ..\packages\IKVM\lib\IKVM.Runtime.dll
7/12/2013 11:13:04 AM: [Info] HintPath changed:  to ..\packages\IKVM\lib\IKVM.Runtime.JNI.dll
7/12/2013 11:13:07 AM: [Info] Restoring dependencies for solution tikaondotnet to c:\projects\tikaondotnet\src\packages
7/12/2013 11:13:07 AM: [Debug] 
=================================================================================================
RippleOperation: tikaondotnet (master)
=================================================================================================
     ** Ripple Steps
          1.) DownloadMissingNugets       Download missing nugets for tikaondotnet               
          2.) ExplodeDownloadedNugets     Explode nugets at c:\projects\tikaondotnet\src\packages
          3.) ProcessDirectives           Process directives from nugets                         
          4.) FixReferences               Fix References                                         

7/12/2013 11:16:33 AM: [Info] Restoring dependencies for solution tikaondotnet to c:\projects\tikaondotnet\src\packages
7/12/2013 11:16:33 AM: [Debug] 
=================================================================================================
RippleOperation: tikaondotnet (master)
=================================================================================================
     ** Ripple Steps
          1.) DownloadMissingNugets       Download missing nugets for tikaondotnet               
          2.) ExplodeDownloadedNugets     Explode nugets at c:\projects\tikaondotnet\src\packages
          3.) ProcessDirectives           Process directives from nugets                         
          4.) FixReferences               Fix References                                         

7/12/2013 11:23:53 AM: [Info] Restoring dependencies for solution tikaondotnet to c:\projects\tikaondotnet\src\packages
7/12/2013 11:23:53 AM: [Debug] 
=================================================================================================
RippleOperation: tikaondotnet (master)
=================================================================================================
     ** Ripple Steps
          1.) DownloadMissingNugets       Download missing nugets for tikaondotnet               
          2.) ExplodeDownloadedNugets     Explode nugets at c:\projects\tikaondotnet\src\packages
          3.) ProcessDirectives           Process directives from nugets                         
          4.) FixReferences               Fix References                                         

7/12/2013 11:24:01 AM: [Debug] Downloading Download and cache IKVM.7.2.4630.5.nupkg
7/12/2013 11:24:16 AM: [Debug] Exploding Name: IKVM, Version: 7.2.4630.5, IsPreRelease: False
7/12/2013 11:24:16 AM: [Info] Exploding to c:\projects\tikaondotnet\src\packages\IKVM
7/12/2013 11:27:25 AM: [Info] Restoring dependencies for solution tikaondotnet to c:\projects\tikaondotnet\src\packages
7/12/2013 11:27:25 AM: [Debug] 
=================================================================================================
RippleOperation: tikaondotnet (master)
=================================================================================================
     ** Ripple Steps
          1.) DownloadMissingNugets       Download missing nugets for tikaondotnet               
          2.) ExplodeDownloadedNugets     Explode nugets at c:\projects\tikaondotnet\src\packages
          3.) ProcessDirectives           Process directives from nugets                         
          4.) FixReferences               Fix References                                         

7/12/2013 11:27:34 AM: [Debug] Downloading From filesystem: C:\Users\KevM\AppData\Roaming\ripple\NUnit.2.5.10.11092.nupkg
7/12/2013 11:27:38 AM: [Error] Could not find NUnit.Runners,2.5.10.11092,Fixed
7/12/2013 11:27:38 AM: [Error] ripple.RippleFatalError: Could not find NUnit.Runners,2.5.10.11092,Fixed
7/12/2013 11:27:38 AM: [Error] Error executing DownloadMissingNugets
7/12/2013 11:27:38 AM: [Error] System.AggregateException: One or more errors occurred. ---> ripple.RippleFatalError: Could not find NUnit.Runners,2.5.10.11092,Fixed
   at ripple.Model.FeedService.nugetFor(Dependency dependency, Boolean retrying) in c:\BuildAgent\work\9299e62f32ca4a35\src\ripple\Model\FeedService.cs:line 64
   at ripple.Model.FeedService.<.ctor>b__0(Dependency x) in c:\BuildAgent\work\9299e62f32ca4a35\src\ripple\Model\FeedService.cs:line 25
   at FubuCore.Util.Cache`2.Fill(TKey key, Func`2 onMissing) in c:\BuildAgent\work\4dafc5966c0aefb4\src\FubuCore\Util\Cache.cs:line 130
   at ripple.Model.FeedService.NugetFor(Dependency dependency) in c:\BuildAgent\work\9299e62f32ca4a35\src\ripple\Model\FeedService.cs:line 32
   at ripple.Steps.DownloadMissingNugets.<>c__DisplayClass5.<restore>b__4() in c:\BuildAgent\work\9299e62f32ca4a35\src\ripple\Steps\DownloadMissingNugets.cs:line 50
   at System.Threading.Tasks.Task.InnerInvoke()
   at System.Threading.Tasks.Task.Execute()
   --- End of inner exception stack trace ---
   at System.Threading.Tasks.Task.WaitAll(Task[] tasks, Int32 millisecondsTimeout, CancellationToken cancellationToken)
   at ripple.Steps.DownloadMissingNugets.Execute(SolutionInput input, IRippleStepRunner runner) in c:\BuildAgent\work\9299e62f32ca4a35\src\ripple\Steps\DownloadMissingNugets.cs:line 37
   at ripple.RippleOperation.Execute(Boolean throwOnFailure) in c:\BuildAgent\work\9299e62f32ca4a35\src\ripple\RippleOperation.cs:line 79
---> (Inner Exception #0) ripple.RippleFatalError: Could not find NUnit.Runners,2.5.10.11092,Fixed
   at ripple.Model.FeedService.nugetFor(Dependency dependency, Boolean retrying) in c:\BuildAgent\work\9299e62f32ca4a35\src\ripple\Model\FeedService.cs:line 64
   at ripple.Model.FeedService.<.ctor>b__0(Dependency x) in c:\BuildAgent\work\9299e62f32ca4a35\src\ripple\Model\FeedService.cs:line 25
   at FubuCore.Util.Cache`2.Fill(TKey key, Func`2 onMissing) in c:\BuildAgent\work\4dafc5966c0aefb4\src\FubuCore\Util\Cache.cs:line 130
   at ripple.Model.FeedService.NugetFor(Dependency dependency) in c:\BuildAgent\work\9299e62f32ca4a35\src\ripple\Model\FeedService.cs:line 32
   at ripple.Steps.DownloadMissingNugets.<>c__DisplayClass5.<restore>b__4() in c:\BuildAgent\work\9299e62f32ca4a35\src\ripple\Steps\DownloadMissingNugets.cs:line 50
   at System.Threading.Tasks.Task.InnerInvoke()
   at System.Threading.Tasks.Task.Execute()<---

7/12/2013 11:27:38 AM: [Debug] 
====================================================================================================================
Solution "tikaondotnet": c:\projects\tikaondotnet\ripple.config
====================================================================================================================
     ** Solution-Level
        * FubuCore                     Float       
        * FubuTestingSupport           Float       
        * IKVM                         7.2.4630.5  
        * NUnit                        2.5.10.11092
        * NUnit.Runners                2.5.10.11092
        * RhinoMocks                   Float       
        * structuremap                 2.6.3       
        * structuremap.automocking     2.6.3       
     ** NuGet Feeds
        * Feed     http://build.fubu-project.org/guestAuth/app/nuget/v1/FeedService.svc (Float)
        * Feed     http://nuget.org/api/v2 (Fixed)                                             
        * Feed     http://packages.nuget.org/v1/FeedService.svc (Fixed)                        
     ** Projects
        * Project "TikaOnDotnet"           c:\projects\tikaondotnet\src\TikaOnDotnet\TikaOnDotnet.csproj            
             ** Dependencies
                * IKVM     Float
        * Project "TikaOnDotNet.Tests"     c:\projects\tikaondotnet\src\TikaOnDotNet.Tests\TikaOnDotNet.Tests.csproj
             ** Dependencies
                * FubuCore                     Float
                * FubuTestingSupport           Float
                * IKVM                         Float
                * NUnit                        Float
                * NUnit.Runners                Float
                * RhinoMocks                   Float
                * structuremap                 Float
                * structuremap.automocking     Float
     ** Local
        * FubuCore                     Version: 1.1.0.253, IsPreRelease: False 
        * FubuTestingSupport           Version: 1.1.0.253, IsPreRelease: False 
        * IKVM                         Version: 7.2.4630.5, IsPreRelease: False
        * RhinoMocks                   Version: 3.6.1.0, IsPreRelease: False   
        * structuremap                 Version: 2.6.4.79, IsPreRelease: False  
        * structuremap.automocking     Version: 2.6.4.79, IsPreRelease: False  
     ** Missing
        * NUnit             2.5.10.11092
        * NUnit.Runners     2.5.10.11092

7/12/2013 11:28:13 AM: [Info] Restoring dependencies for solution tikaondotnet to c:\projects\tikaondotnet\src\packages
7/12/2013 11:28:13 AM: [Debug] 
=================================================================================================
RippleOperation: tikaondotnet (master)
=================================================================================================
     ** Ripple Steps
          1.) DownloadMissingNugets       Download missing nugets for tikaondotnet               
          2.) ExplodeDownloadedNugets     Explode nugets at c:\projects\tikaondotnet\src\packages
          3.) ProcessDirectives           Process directives from nugets                         
          4.) FixReferences               Fix References                                         

7/12/2013 11:28:19 AM: [Debug] Downloading From filesystem: C:\Users\KevM\AppData\Roaming\ripple\NUnit.2.5.10.11092.nupkg
7/12/2013 11:28:19 AM: [Debug] Exploding Name: NUnit, Version: 2.5.10.11092, IsPreRelease: False
7/12/2013 11:28:19 AM: [Info] Exploding to c:\projects\tikaondotnet\src\packages\NUnit
7/12/2013 11:28:22 AM: [Info] HintPath changed:  to ..\packages\NUnit\lib\nunit.mocks.dll
7/12/2013 11:28:22 AM: [Info] HintPath changed:  to ..\packages\NUnit\lib\pnunit.framework.dll
7/12/2013 11:35:04 AM: [Info] Restoring dependencies for solution tikaondotnet to c:\projects\tikaondotnet\src\packages
7/12/2013 11:35:04 AM: [Debug] 
=================================================================================================
RippleOperation: tikaondotnet (master)
=================================================================================================
     ** Ripple Steps
          1.) DownloadMissingNugets       Download missing nugets for tikaondotnet               
          2.) ExplodeDownloadedNugets     Explode nugets at c:\projects\tikaondotnet\src\packages
          3.) ProcessDirectives           Process directives from nugets                         
          4.) FixReferences               Fix References                                         

